<?xml version="1.0" encoding="UTF-8"?>
<testng-results ignored="0" total="1" passed="1" failed="0" skipped="0">
  <reporter-output>
  </reporter-output>
  <suite started-at="2020-12-24T13:38:37 EST" name="Suite" finished-at="2020-12-24T13:38:47 EST" duration-ms="10347">
    <groups>
    </groups>
    <test started-at="2020-12-24T13:38:37 EST" name="SignUp" finished-at="2020-12-24T13:38:47 EST" duration-ms="10347">
      <class name="MyAccount.SignUp">
        <test-method is-config="true" signature="beforeClass()[pri:0, instance:MyAccount.SignUp@68567e20]" started-at="2020-12-24T13:38:37 EST" name="beforeClass" finished-at="2020-12-24T13:38:42 EST" duration-ms="4815" status="PASS">
          <reporter-output>
          </reporter-output>
        </test-method> <!-- beforeClass -->
        <test-method signature="signup(java.lang.String, java.lang.String, java.lang.String, java.lang.String)[pri:0, instance:MyAccount.SignUp@68567e20]" started-at="2020-12-24T13:38:42 EST" name="signup" finished-at="2020-12-24T13:38:47 EST" duration-ms="5310" status="PASS">
          <params>
            <param index="0">
              <value>
                <![CDATA[omar453@gmail.com]]>
              </value>
            </param>
            <param index="1">
              <value>
                <![CDATA[ghtui845]]>
              </value>
            </param>
            <param index="2">
              <value>
                <![CDATA[08401]]>
              </value>
            </param>
            <param index="3">
              <value>
                <![CDATA[6094567892]]>
              </value>
            </param>
          </params>
          <reporter-output>
          </reporter-output>
        </test-method> <!-- signup -->
        <test-method is-config="true" signature="afterTest()[pri:0, instance:MyAccount.SignUp@68567e20]" started-at="2020-12-24T13:38:47 EST" name="afterTest" finished-at="2020-12-24T13:38:47 EST" duration-ms="188" status="PASS">
          <reporter-output>
          </reporter-output>
        </test-method> <!-- afterTest -->
      </class> <!-- MyAccount.SignUp -->
    </test> <!-- SignUp -->
  </suite> <!-- Suite -->
</testng-results>
