<?xml version="1.0" encoding="UTF-8"?>
<testng-results ignored="0" total="1" passed="1" failed="0" skipped="0">
  <reporter-output>
  </reporter-output>
  <suite started-at="2020-12-18T17:52:10 EST" name="Default suite" finished-at="2020-12-18T17:52:24 EST" duration-ms="14170">
    <groups>
    </groups>
    <test started-at="2020-12-18T17:52:10 EST" name="Default test" finished-at="2020-12-18T17:52:24 EST" duration-ms="14170">
      <class name="MyAccount.HomeDepot.SignUp">
        <test-method is-config="true" signature="beforeClass()[pri:0, instance:MyAccount.HomeDepot.SignUp@6a03bcb1]" started-at="2020-12-18T17:52:10 EST" name="beforeClass" finished-at="2020-12-18T17:52:13 EST" duration-ms="3208" status="PASS">
          <reporter-output>
          </reporter-output>
        </test-method> <!-- beforeClass -->
        <test-method signature="signup()[pri:0, instance:MyAccount.HomeDepot.SignUp@6a03bcb1]" started-at="2020-12-18T17:52:13 EST" name="signup" finished-at="2020-12-18T17:52:24 EST" duration-ms="10746" status="PASS">
          <reporter-output>
          </reporter-output>
        </test-method> <!-- signup -->
        <test-method is-config="true" signature="afterTest()[pri:0, instance:MyAccount.HomeDepot.SignUp@6a03bcb1]" started-at="2020-12-18T17:52:24 EST" name="afterTest" finished-at="2020-12-18T17:52:24 EST" duration-ms="188" status="PASS">
          <reporter-output>
          </reporter-output>
        </test-method> <!-- afterTest -->
      </class> <!-- MyAccount.HomeDepot.SignUp -->
    </test> <!-- Default test -->
  </suite> <!-- Default suite -->
</testng-results>
